D:\SOURCE\GAMES\GOLDMINES\PLAYER\TEMPLATE_NATIVE\DEBUG\TEMPLATE_NATIVE.PCH
D:\SOURCE\GAMES\GOLDMINES\PLAYER\TEMPLATE_NATIVE\DEBUG\STDAFX.OBJ
D:\SOURCE\GAMES\GOLDMINES\PLAYER\TEMPLATE_NATIVE\DEBUG\VC110.PDB
D:\SOURCE\GAMES\GOLDMINES\PLAYER\TEMPLATE_NATIVE\DEBUG\DLLMAIN.OBJ
D:\SOURCE\GAMES\GOLDMINES\PLAYER\TEMPLATE_NATIVE\DEBUG\TEMPLATE_NATIVE.OBJ
D:\SOURCE\GAMES\GOLDMINES\BIN\DEBUG\PLAYER\TEMPLATE_NATIVE.ILK
D:\SOURCE\GAMES\GOLDMINES\BIN\DEBUG\PLAYER\TEMPLATE_NATIVE.DLL
D:\SOURCE\GAMES\GOLDMINES\BIN\DEBUG\PLAYER\TEMPLATE_NATIVE.PDB
D:\Source\Games\GoldMines\bin\Debug\Player\Template_Native.lib
D:\Source\Games\GoldMines\bin\Debug\Player\Template_Native.exp
D:\Source\Games\GoldMines\Player\Template_Native\Debug\dllmain.obj
D:\Source\Games\GoldMines\Player\Template_Native\Debug\stdafx.obj
D:\Source\Games\GoldMines\Player\Template_Native\Debug\Template_Native.obj
D:\Source\Games\GoldMines\Player\Template_Native\Debug\cl.command.1.tlog
D:\Source\Games\GoldMines\Player\Template_Native\Debug\CL.read.1.tlog
D:\Source\Games\GoldMines\Player\Template_Native\Debug\CL.write.1.tlog
D:\Source\Games\GoldMines\Player\Template_Native\Debug\link-cvtres.read.1.tlog
D:\Source\Games\GoldMines\Player\Template_Native\Debug\link-cvtres.write.1.tlog
D:\Source\Games\GoldMines\Player\Template_Native\Debug\link-rc.read.1.tlog
D:\Source\Games\GoldMines\Player\Template_Native\Debug\link-rc.write.1.tlog
D:\Source\Games\GoldMines\Player\Template_Native\Debug\link.command.1.tlog
D:\Source\Games\GoldMines\Player\Template_Native\Debug\link.read.1.tlog
D:\Source\Games\GoldMines\Player\Template_Native\Debug\link.write.1.tlog
D:\Source\Games\GoldMines\Player\Template_Native\Debug\Template_Native.write.1.tlog
D:\Source\Games\GoldMines\Player\Template_Native\Debug\Template_Native.pch
D:\Source\Games\GoldMines\Player\Template_Native\Debug\vc110.idb
D:\Source\Games\GoldMines\Player\Template_Native\Debug\vc110.pdb
D:\Source\Games\GoldMines\bin\Debug\Player\Template_Native.pdb
D:\Source\Games\GoldMines\bin\Debug\Player\Template_Native.dll
D:\Source\Games\GoldMines\bin\Debug\Player\Template_Native.ilk
