D:\SOURCE\GAMES\GOLDMINES\PLAYER\TEMPLATE_NATIVE_CORE\DEBUG\TEMPLATE_NATIVE_CORE.PCH
D:\SOURCE\GAMES\GOLDMINES\PLAYER\TEMPLATE_NATIVE_CORE\DEBUG\STDAFX.OBJ
D:\SOURCE\GAMES\GOLDMINES\PLAYER\TEMPLATE_NATIVE_CORE\DEBUG\VC110.PDB
D:\SOURCE\GAMES\GOLDMINES\PLAYER\TEMPLATE_NATIVE_CORE\DEBUG\DLLMAIN.OBJ
D:\SOURCE\GAMES\GOLDMINES\PLAYER\TEMPLATE_NATIVE_CORE\DEBUG\TEMPLATE_NATIVE_CORE.OBJ
D:\SOURCE\GAMES\GOLDMINES\BIN\DEBUG\PLAYER\TEMPLATE_NATIVE_CORE.ILK
D:\SOURCE\GAMES\GOLDMINES\BIN\DEBUG\PLAYER\TEMPLATE_NATIVE_CORE.DLL
D:\SOURCE\GAMES\GOLDMINES\BIN\DEBUG\PLAYER\TEMPLATE_NATIVE_CORE.PDB
䑞尺潓牵散䝜浡獥䝜汯䵤湩獥停慬敹屲敔灭慬整也瑡癩彥潃敲呜浥汰瑡彥慎楴敶䍟牯⹥捶灸潲൪䐊尺潓牵散䝜浡獥䝜汯䵤湩獥扜湩䑜扥杵停慬敹屲敔灭慬整也瑡癩彥潃敲氮扩਍㩄卜畯捲履慇敭屳潇摬楍敮屳楢屮敄畢屧汐祡牥呜浥汰瑡彥慎楴敶䍟牯⹥楬ൢ䐊尺潓牵散䝜浡獥䝜汯䵤湩獥扜湩䑜扥杵停慬敹屲敔灭慬整也瑡癩彥潃敲攮灸਍㩄卜畯捲履慇敭屳潇摬楍敮屳楢屮敄畢屧汐祡牥呜浥汰瑡彥慎楴敶䍟牯⹥硥൰帊㩄卜畯捲履慇敭屳潇摬楍敮屳汐祡牥呜浥汰瑡彥慎楴敶䍟牯履敔灭慬整也瑡癩彥潃敲瘮硣牰橯਍㩄卜畯捲履慇敭屳潇摬楍敮屳楢屮敄畢屧汐祡牥呜浥汰瑡彥慎楴敶䍟牯⹥楬ൢ䐊尺潓牵散䝜浡獥䝜汯䵤湩獥扜湩䑜扥杵停慬敹屲敔灭慬整也瑡癩彥潃敲氮扩਍㩄卜畯捲履慇敭屳潇摬楍敮屳楢屮敄畢屧汐祡牥呜浥汰瑡彥慎楴敶䍟牯⹥硥൰䐊尺潓牵散䝜浡獥䝜汯䵤湩獥扜湩䑜扥杵停慬敹屲敔灭慬整也瑡癩彥潃敲攮灸਍䑞尺潓牵散䝜浡獥䝜汯䵤湩獥停慬敹屲敔灭慬整也瑡癩彥潃敲呜浥汰瑡彥慎楴敶䍟牯⹥捶灸潲൪䐊尺潓牵散䝜浡獥䝜汯䵤湩獥扜湩䑜扥杵停慬敹屲敔灭慬整也瑡癩彥潃敲氮扩਍㩄卜畯捲履慇敭屳潇摬楍敮屳楢屮敄畢屧汐祡牥呜浥汰瑡彥慎楴敶䍟牯⹥楬ൢ䐊尺潓牵散䝜浡獥䝜汯䵤湩獥扜湩䑜扥杵停慬敹屲敔灭慬整也瑡癩彥潃敲攮灸਍㩄卜畯捲履慇敭屳潇摬楍敮屳楢屮敄畢屧汐祡牥呜浥汰瑡彥慎楴敶䍟牯⹥硥൰帊㩄卜畯捲履慇敭屳潇摬楍敮屳汐祡牥呜浥汰瑡彥慎楴敶䍟牯履敔灭慬整也瑡癩彥潃敲瘮硣牰橯਍㩄卜畯捲履慇敭屳潇摬楍敮屳楢屮敄畢屧汐祡牥呜浥汰瑡彥慎楴敶䍟牯⹥楬ൢ䐊尺潓牵散䝜浡獥䝜汯䵤湩獥扜湩䑜扥杵停慬敹屲敔灭慬整也瑡癩彥潃敲氮扩਍㩄卜畯捲履慇敭屳潇摬楍敮屳楢屮敄畢屧汐祡牥呜浥汰瑡彥慎楴敶䍟牯⹥硥൰䐊尺潓牵散䝜浡獥䝜汯䵤湩獥扜湩䑜扥杵停慬敹屲敔灭慬整也瑡癩彥潃敲攮灸਍䑞尺潓牵散䝜浡獥䝜汯䵤湩獥停慬敹屲敔灭慬整也瑡癩彥潃敲呜浥汰瑡彥慎楴敶䍟牯⹥捶灸潲൪䐊尺潓牵散䝜浡獥䝜汯䵤湩獥扜湩䑜扥杵停慬敹屲敔灭慬整也瑡癩彥潃敲氮扩਍㩄卜畯捲履慇敭屳潇摬楍敮屳楢屮敄畢屧汐祡牥呜浥汰瑡彥慎楴敶䍟牯⹥楬ൢ䐊尺潓牵散䝜浡獥䝜汯䵤湩獥扜湩䑜扥杵停慬敹屲敔灭慬整也瑡癩彥潃敲攮灸਍㩄卜畯捲履慇敭屳潇摬楍敮屳楢屮敄畢屧汐祡牥呜浥汰瑡彥慎楴敶䍟牯⹥硥൰帊㩄卜畯捲履慇敭屳潇摬楍敮屳汐祡牥呜浥汰瑡彥慎楴敶䍟牯履敔灭慬整也瑡癩彥潃敲瘮硣牰橯਍㩄卜畯捲履慇敭屳潇摬楍敮屳楢屮敄畢屧汐祡牥呜浥汰瑡彥慎楴敶䍟牯⹥楬ൢ䐊尺潓牵散䝜浡獥䝜汯䵤湩獥扜湩䑜扥杵停慬敹屲敔灭慬整也瑡癩彥潃敲氮扩਍㩄卜畯捲履慇敭屳潇摬楍敮屳楢屮敄畢屧汐祡牥呜浥汰瑡彥慎楴敶䍟牯⹥硥൰䐊尺潓牵散䝜浡獥䝜汯䵤湩獥扜湩䑜扥杵停慬敹屲敔灭慬整也瑡癩彥潃敲攮灸਍䑞尺潓牵散䝜浡獥䝜汯䵤湩獥停慬敹屲敔灭慬整也瑡癩彥潃敲呜浥汰瑡彥慎楴敶䍟牯⹥捶灸潲൪䐊尺潓牵散䝜浡獥䝜汯䵤湩獥扜湩䑜扥杵停慬敹屲敔灭慬整也瑡癩彥潃敲氮扩਍㩄卜畯捲履慇敭屳潇摬楍敮屳楢屮敄畢屧汐祡牥呜浥汰瑡彥慎楴敶䍟牯⹥楬ൢ䐊尺潓牵散䝜浡獥䝜汯䵤湩獥扜湩䑜扥杵停慬敹屲敔灭慬整也瑡癩彥潃敲攮灸਍㩄卜畯捲履慇敭屳潇摬楍敮屳楢屮敄畢屧汐祡牥呜浥汰瑡彥慎楴敶䍟牯⹥硥൰
D:\Source\Games\GoldMines\Player\Template_Native_Core\Debug\dllmain.obj
D:\Source\Games\GoldMines\Player\Template_Native_Core\Debug\stdafx.obj
D:\Source\Games\GoldMines\Player\Template_Native_Core\Debug\Template_Native_Core.obj
D:\Source\Games\GoldMines\Player\Template_Native_Core\Debug\cl.command.1.tlog
D:\Source\Games\GoldMines\Player\Template_Native_Core\Debug\CL.read.1.tlog
D:\Source\Games\GoldMines\Player\Template_Native_Core\Debug\CL.write.1.tlog
D:\Source\Games\GoldMines\Player\Template_Native_Core\Debug\link-cvtres.read.1.tlog
D:\Source\Games\GoldMines\Player\Template_Native_Core\Debug\link-cvtres.write.1.tlog
D:\Source\Games\GoldMines\Player\Template_Native_Core\Debug\link-rc.read.1.tlog
D:\Source\Games\GoldMines\Player\Template_Native_Core\Debug\link-rc.write.1.tlog
D:\Source\Games\GoldMines\Player\Template_Native_Core\Debug\link.10160-cvtres.read.1.tlog
D:\Source\Games\GoldMines\Player\Template_Native_Core\Debug\link.10160-cvtres.write.1.tlog
D:\Source\Games\GoldMines\Player\Template_Native_Core\Debug\link.10160-rc.read.1.tlog
D:\Source\Games\GoldMines\Player\Template_Native_Core\Debug\link.10160-rc.write.1.tlog
D:\Source\Games\GoldMines\Player\Template_Native_Core\Debug\link.10160.read.1.tlog
D:\Source\Games\GoldMines\Player\Template_Native_Core\Debug\link.10160.write.1.tlog
D:\Source\Games\GoldMines\Player\Template_Native_Core\Debug\link.8008-cvtres.read.1.tlog
D:\Source\Games\GoldMines\Player\Template_Native_Core\Debug\link.8008-cvtres.write.1.tlog
D:\Source\Games\GoldMines\Player\Template_Native_Core\Debug\link.8008-rc.read.1.tlog
D:\Source\Games\GoldMines\Player\Template_Native_Core\Debug\link.8008-rc.write.1.tlog
D:\Source\Games\GoldMines\Player\Template_Native_Core\Debug\link.8008.read.1.tlog
D:\Source\Games\GoldMines\Player\Template_Native_Core\Debug\link.8008.write.1.tlog
D:\Source\Games\GoldMines\Player\Template_Native_Core\Debug\link.command.1.tlog
D:\Source\Games\GoldMines\Player\Template_Native_Core\Debug\link.read.1.tlog
D:\Source\Games\GoldMines\Player\Template_Native_Core\Debug\link.write.1.tlog
D:\Source\Games\GoldMines\Player\Template_Native_Core\Debug\Template_Native_Core.write.1.tlog
D:\Source\Games\GoldMines\Player\Template_Native_Core\Debug\Template_Native_Core.pch
D:\Source\Games\GoldMines\Player\Template_Native_Core\Debug\vc110.idb
D:\Source\Games\GoldMines\Player\Template_Native_Core\Debug\vc110.pdb
D:\Source\Games\GoldMines\bin\Debug\Player\Template_Native_Core.pdb
D:\Source\Games\GoldMines\bin\Debug\Player\Template_Native_Core.dll
D:\Source\Games\GoldMines\bin\Debug\Player\Template_Native_Core.ilk
