d:\source\games\goldmines\player\template_native\x64\release\template_native.pch
d:\source\games\goldmines\player\template_native\x64\release\stdafx.obj
d:\source\games\goldmines\player\template_native\x64\release\vc100.pdb
d:\source\games\goldmines\player\template_native\x64\release\dllmain.obj
d:\source\games\goldmines\bin\x64\release\player\template_native.dll
d:\source\games\goldmines\player\template_native\x64\release\template_native.dll.intermediate.manifest
d:\source\games\goldmines\bin\x64\release\player\template_native.pdb
d:\source\games\goldmines\bin\x64\release\player\template_native.lib
d:\source\games\goldmines\bin\x64\release\player\template_native.exp
d:\source\games\goldmines\player\template_native\x64\release\template_native.obj
d:\source\games\goldmines\player\template_native\x64\release\cl.command.1.tlog
d:\source\games\goldmines\player\template_native\x64\release\cl.read.1.tlog
d:\source\games\goldmines\player\template_native\x64\release\cl.write.1.tlog
d:\source\games\goldmines\player\template_native\x64\release\link.command.1.tlog
d:\source\games\goldmines\player\template_native\x64\release\link.read.1.tlog
d:\source\games\goldmines\player\template_native\x64\release\link.write.1.tlog
d:\source\games\goldmines\player\template_native\x64\release\mt.command.1.tlog
d:\source\games\goldmines\player\template_native\x64\release\mt.read.1.tlog
d:\source\games\goldmines\player\template_native\x64\release\mt.write.1.tlog
d:\source\games\goldmines\player\template_native\x64\release\template_native.write.1.tlog
