d:\source\games\goldmines\player\template_native\x64\debug\template_native.pch
d:\source\games\goldmines\player\template_native\x64\debug\vc120.pdb
d:\source\games\goldmines\player\template_native\x64\debug\vc120.idb
d:\source\games\goldmines\player\template_native\x64\debug\stdafx.obj
d:\source\games\goldmines\player\template_native\x64\debug\dllmain.obj
d:\source\games\goldmines\player\template_native\x64\debug\template_native.obj
d:\source\games\goldmines\bin\x64\debug\player\template_native.ilk
d:\source\games\goldmines\bin\x64\debug\player\template_native.dll
d:\source\games\goldmines\bin\x64\debug\player\template_native.pdb
d:\source\games\goldmines\bin\x64\debug\player\template_native.lib
d:\source\games\goldmines\bin\x64\debug\player\template_native.exp
d:\source\games\goldmines\\bin\x64\debug\player\template_native.pdb
d:\source\games\goldmines\\bin\x64\debug\player\template_native.dll
d:\source\games\goldmines\\bin\x64\debug\player\template_native.ilk
d:\source\games\goldmines\player\template_native\x64\debug\template_native.tlog\cl.command.1.tlog
d:\source\games\goldmines\player\template_native\x64\debug\template_native.tlog\cl.read.1.tlog
d:\source\games\goldmines\player\template_native\x64\debug\template_native.tlog\cl.write.1.tlog
d:\source\games\goldmines\player\template_native\x64\debug\template_native.tlog\link.command.1.tlog
d:\source\games\goldmines\player\template_native\x64\debug\template_native.tlog\link.read.1.tlog
d:\source\games\goldmines\player\template_native\x64\debug\template_native.tlog\link.write.1.tlog
d:\source\games\goldmines\player\template_native\x64\debug\template_native.tlog\template_native.write.1u.tlog
