D:\SOURCE\GAMES\GOLDMINES\PLAYER\TEMPLATE_NATIVE_CORE\X64\DEBUG\TEMPLATE_NATIVE_CORE.PCH
D:\SOURCE\GAMES\GOLDMINES\PLAYER\TEMPLATE_NATIVE_CORE\X64\DEBUG\STDAFX.OBJ
D:\SOURCE\GAMES\GOLDMINES\PLAYER\TEMPLATE_NATIVE_CORE\X64\DEBUG\VC110.PDB
D:\SOURCE\GAMES\GOLDMINES\PLAYER\TEMPLATE_NATIVE_CORE\X64\DEBUG\DLLMAIN.OBJ
D:\SOURCE\GAMES\GOLDMINES\PLAYER\TEMPLATE_NATIVE_CORE\X64\DEBUG\TEMPLATE_NATIVE_CORE.OBJ
D:\SOURCE\GAMES\GOLDMINES\X64\DEBUG\TEMPLATE_NATIVE_CORE.ILK
D:\SOURCE\GAMES\GOLDMINES\X64\DEBUG\TEMPLATE_NATIVE_CORE.DLL
D:\SOURCE\GAMES\GOLDMINES\X64\DEBUG\TEMPLATE_NATIVE_CORE.PDB
D:\Source\Games\GoldMines\x64\Debug\Template_Native_Core.lib
D:\Source\Games\GoldMines\x64\Debug\Template_Native_Core.exp
D:\Source\Games\GoldMines\Player\Template_Native_Core\x64\Debug\dllmain.obj
D:\Source\Games\GoldMines\Player\Template_Native_Core\x64\Debug\stdafx.obj
D:\Source\Games\GoldMines\Player\Template_Native_Core\x64\Debug\Template_Native_Core.obj
D:\Source\Games\GoldMines\Player\Template_Native_Core\x64\Debug\cl.command.1.tlog
D:\Source\Games\GoldMines\Player\Template_Native_Core\x64\Debug\CL.read.1.tlog
D:\Source\Games\GoldMines\Player\Template_Native_Core\x64\Debug\CL.write.1.tlog
D:\Source\Games\GoldMines\Player\Template_Native_Core\x64\Debug\link-cvtres.read.1.tlog
D:\Source\Games\GoldMines\Player\Template_Native_Core\x64\Debug\link-cvtres.write.1.tlog
D:\Source\Games\GoldMines\Player\Template_Native_Core\x64\Debug\link-rc.read.1.tlog
D:\Source\Games\GoldMines\Player\Template_Native_Core\x64\Debug\link-rc.write.1.tlog
D:\Source\Games\GoldMines\Player\Template_Native_Core\x64\Debug\link.command.1.tlog
D:\Source\Games\GoldMines\Player\Template_Native_Core\x64\Debug\link.read.1.tlog
D:\Source\Games\GoldMines\Player\Template_Native_Core\x64\Debug\link.write.1.tlog
D:\Source\Games\GoldMines\Player\Template_Native_Core\x64\Debug\Template_Native_Core.write.1.tlog
D:\Source\Games\GoldMines\Player\Template_Native_Core\x64\Debug\Template_Native_Core.pch
D:\Source\Games\GoldMines\Player\Template_Native_Core\x64\Debug\vc110.idb
D:\Source\Games\GoldMines\Player\Template_Native_Core\x64\Debug\vc110.pdb
